<?xml version="1.0" encoding="UTF-8"?>
<testng-results ignored="0" total="2" passed="2" failed="0" skipped="0">
  <reporter-output>
  </reporter-output>
  <suite started-at="2024-05-20T18:48:44 EEST" name="Default suite" finished-at="2024-05-20T18:50:11 EEST" duration-ms="86840">
    <groups>
    </groups>
    <test started-at="2024-05-20T18:48:44 EEST" name="Default test" finished-at="2024-05-20T18:50:11 EEST" duration-ms="86840">
      <class name="group_testcases.group_testcases">
        <test-method is-config="true" signature="getDriver()[pri:0, instance:group_testcases.group_testcases@4d154ccd]" started-at="2024-05-20T18:48:33 EEST" name="getDriver" finished-at="2024-05-20T18:48:44 EEST" duration-ms="11546" status="PASS">
          <reporter-output>
          </reporter-output>
        </test-method> <!-- getDriver -->
        <test-method signature="loginn(java.lang.String,java.lang.String,java.lang.String)[pri:0, instance:group_testcases.group_testcases@4d154ccd]" started-at="2024-05-20T18:48:44 EEST" name="loginn" data-provider="test_data1" finished-at="2024-05-20T18:49:28 EEST" duration-ms="43338" status="PASS">
          <params>
            <param index="0">
              <value>
                <![CDATA[Group 1]]>
              </value>
            </param>
            <param index="1">
              <value>
                <![CDATA[Description 1]]>
              </value>
            </param>
            <param index="2">
              <value>
                <![CDATA[image1.png]]>
              </value>
            </param>
          </params>
          <reporter-output>
          </reporter-output>
        </test-method> <!-- loginn -->
        <test-method signature="loginn(java.lang.String,java.lang.String,java.lang.String)[pri:0, instance:group_testcases.group_testcases@4d154ccd]" started-at="2024-05-20T18:49:28 EEST" name="loginn" data-provider="test_data1" finished-at="2024-05-20T18:50:11 EEST" duration-ms="43456" status="PASS">
          <params>
            <param index="0">
              <value>
                <![CDATA[Group 2]]>
              </value>
            </param>
            <param index="1">
              <value>
                <![CDATA[Description 2]]>
              </value>
            </param>
            <param index="2">
              <value>
                <![CDATA[image2.jpg]]>
              </value>
            </param>
          </params>
          <reporter-output>
          </reporter-output>
        </test-method> <!-- loginn -->
      </class> <!-- group_testcases.group_testcases -->
    </test> <!-- Default test -->
  </suite> <!-- Default suite -->
</testng-results>
